C:\dbojovic\Projects\BookInfo.API\BookInfo.API\ClientApp\dist\out-tsc\src\app\app-routing.module.js
C:\dbojovic\Projects\BookInfo.API\BookInfo.API\ClientApp\dist\out-tsc\src\app\app-routing.module.js.map
C:\dbojovic\Projects\BookInfo.API\BookInfo.API\ClientApp\dist\out-tsc\src\app\app.component.js
C:\dbojovic\Projects\BookInfo.API\BookInfo.API\ClientApp\dist\out-tsc\src\app\app.component.js.map
C:\dbojovic\Projects\BookInfo.API\BookInfo.API\ClientApp\dist\out-tsc\src\app\services\book-info.service.js
C:\dbojovic\Projects\BookInfo.API\BookInfo.API\ClientApp\dist\out-tsc\src\app\services\book-info.service.js.map
C:\dbojovic\Projects\BookInfo.API\BookInfo.API\ClientApp\dist\out-tsc\src\app\book-info\book-info.component.js
C:\dbojovic\Projects\BookInfo.API\BookInfo.API\ClientApp\dist\out-tsc\src\app\book-info\book-info.component.js.map
C:\dbojovic\Projects\BookInfo.API\BookInfo.API\ClientApp\dist\out-tsc\src\environments\environment.js
C:\dbojovic\Projects\BookInfo.API\BookInfo.API\ClientApp\dist\out-tsc\src\environments\environment.js.map
C:\dbojovic\Projects\BookInfo.API\BookInfo.API\ClientApp\dist\out-tsc\src\app\book-details\book-details.component.js
C:\dbojovic\Projects\BookInfo.API\BookInfo.API\ClientApp\dist\out-tsc\src\app\book-details\book-details.component.js.map
C:\dbojovic\Projects\BookInfo.API\BookInfo.API\ClientApp\dist\out-tsc\src\app\app.module.js
C:\dbojovic\Projects\BookInfo.API\BookInfo.API\ClientApp\dist\out-tsc\src\app\app.module.js.map
C:\dbojovic\Projects\BookInfo.API\BookInfo.API\ClientApp\dist\out-tsc\src\main.js
C:\dbojovic\Projects\BookInfo.API\BookInfo.API\ClientApp\dist\out-tsc\src\main.js.map
C:\dbojovic\Projects\BookInfo.API\BookInfo.API\ClientApp\dist\out-tsc\src\polyfills.js
C:\dbojovic\Projects\BookInfo.API\BookInfo.API\ClientApp\dist\out-tsc\src\polyfills.js.map
C:\dbojovic\Projects\BookInfo.API\BookInfo.API\ClientApp\dist\out-tsc\src\test.js
C:\dbojovic\Projects\BookInfo.API\BookInfo.API\ClientApp\dist\out-tsc\src\test.js.map
C:\dbojovic\Projects\BookInfo.API\BookInfo.API\ClientApp\dist\out-tsc\e2e\src\app.po.js
C:\dbojovic\Projects\BookInfo.API\BookInfo.API\ClientApp\dist\out-tsc\e2e\src\app.po.js.map
C:\dbojovic\Projects\BookInfo.API\BookInfo.API\ClientApp\dist\out-tsc\e2e\src\app.e2e-spec.js
C:\dbojovic\Projects\BookInfo.API\BookInfo.API\ClientApp\dist\out-tsc\e2e\src\app.e2e-spec.js.map
C:\dbojovic\Projects\BookInfo.API\BookInfo.API\ClientApp\dist\out-tsc\src\app\app.component.spec.js
C:\dbojovic\Projects\BookInfo.API\BookInfo.API\ClientApp\dist\out-tsc\src\app\app.component.spec.js.map
C:\dbojovic\Projects\BookInfo.API\BookInfo.API\ClientApp\dist\out-tsc\src\environments\environment.prod.js
C:\dbojovic\Projects\BookInfo.API\BookInfo.API\ClientApp\dist\out-tsc\src\environments\environment.prod.js.map
C:\dbojovic\Projects\BookInfo.API\BookInfo.API\ClientApp\dist\out-tsc\src\app\book-info\book-info.component.spec.js
C:\dbojovic\Projects\BookInfo.API\BookInfo.API\ClientApp\dist\out-tsc\src\app\book-info\book-info.component.spec.js.map
